Iteration	Posterior	Likelihood	Prior	rate_log_sd	rate_neo	tree_length
0	-1010.505	-1242.73	232.2245	1.405785	0.3927193	0.9903932
6	-1011.019	-1242.199	231.1799	1.400522	0.6464268	1.52445
12	-994.11	-1225.808	231.6978	1.175526	0.5555403	1.402334
18	-992.8936	-1224.644	231.7507	1.175526	0.4414204	1.506454
24	-989.2199	-1221.004	231.7841	1.126365	0.5600399	1.367845
30	-989.7017	-1221.147	231.4453	1.170184	0.8829766	1.271061
36	-992.6814	-1223.963	231.2814	1.158757	0.8064379	1.477345
42	-992.8439	-1224.451	231.6066	1.28951	0.4472432	1.521146
48	-991.3676	-1223.022	231.6547	1.143163	0.5906192	1.419958
54	-996.701	-1228.356	231.6547	1.143163	0.5906192	1.419958
60	-991.577	-1222.947	231.3699	1.175548	0.7222971	1.475408
66	-996.4613	-1227.782	231.3211	1.175548	0.8466519	1.398522
72	-1010.726	-1242.04	231.3137	1.29226	1.075308	1.110352
78	-1000.539	-1232.35	231.81	1.318499	0.6131346	1.11938
84	-996.5385	-1227.843	231.3048	1.414266	0.8297749	1.234583
90	-988.4045	-1220.157	231.7524	1.109137	0.6642634	1.287102
96	-984.9959	-1217.051	232.0551	1.422728	0.5592277	0.8425361
102	-988.4507	-1220.032	231.5814	1.511435	0.7342988	0.9992783
108	-992.7688	-1224.254	231.4848	1.666138	0.8913821	0.7016948
114	-997.0438	-1228.543	231.4993	1.666138	0.9220379	0.5978191
120	-997.8439	-1229.574	231.7306	1.511616	0.8607952	0.5611646
126	-999.0251	-1230.463	231.438	1.695418	0.967945	0.5238943
132	-1006.967	-1238.952	231.9851	1.411018	0.6158767	0.8400689
138	-1009.248	-1241.2	231.9527	1.541041	0.5229576	0.8907363
144	-1006.042	-1237.972	231.9306	1.541041	0.5369219	0.8907363
150	-1009.371	-1241.502	232.1311	1.541041	0.4702931	0.777103
156	-1004.454	-1236.471	232.0165	1.541041	0.5087945	0.8424016
162	-1023.505	-1255.353	231.8486	1.702898	0.6186392	0.5326003
168	-1020.82	-1252.757	231.9376	1.702898	0.5251716	0.6824441
174	-1005.603	-1237.255	231.6522	1.217296	0.6804402	1.262774
180	-1006.374	-1237.843	231.4694	1.0046	0.6663961	1.582863
186	-1004.879	-1235.917	231.0382	0.7891219	0.7562445	1.953586
192	-1017.02	-1248.795	231.7751	1.28082	0.6110553	1.186145
198	-1009.053	-1240.465	231.4119	1.175329	0.5715537	1.598767
204	-1011.542	-1242.816	231.274	1.214343	0.8167131	1.431449
210	-1007.781	-1239.445	231.6631	1.145415	0.543549	1.466307
216	-1013.981	-1245.779	231.7983	1.169635	0.4588975	1.451497
222	-1016.493	-1248.346	231.853	1.22564	0.4588975	1.365658
228	-1017	-1248.204	231.2034	1.137278	0.7064559	1.641204
234	-1017	-1248.094	231.0937	1.068462	0.8547542	1.641204
240	-1007.603	-1239.1	231.4968	0.9791018	0.8081702	1.448624
246	-1001.395	-1233.014	231.6195	1.281498	0.6234564	1.300948
252	-1011.91	-1243.745	231.8352	1.294925	0.6485802	1.072181
258	-1014.319	-1246.266	231.9469	1.313038	0.6897629	0.8818946
264	-1012.258	-1244.124	231.866	1.464021	0.6169836	0.9151266
270	-1010.42	-1242.655	232.2349	1.538629	0.3843414	0.8512913
276	-1009.319	-1241.047	231.7274	1.669869	0.5642557	0.9264186
282	-1003.933	-1235.697	231.764	1.672738	0.6212873	0.7768032
288	-1015.271	-1246.94	231.6697	1.355846	0.9262475	0.8290125
294	-1013.139	-1244.694	231.5551	1.355846	0.7272939	1.176119
300	-1006.361	-1238.36	231.9993	1.221372	0.4933224	1.200949
306	-1005.725	-1237.286	231.5612	1.232668	0.4933224	1.537987
312	-1008.897	-1240.867	231.9699	1.484543	0.4550126	1.049573
318	-1010.681	-1242.915	232.2339	1.310225	0.4677975	0.936594
324	-1009.097	-1240.587	231.49	1.179938	0.7258609	1.376028
330	-1015.462	-1246.937	231.475	1.047739	0.5358693	1.684655
336	-1017.72	-1249.012	231.2924	1.082339	0.4931476	1.836413
342	-1014.963	-1246.654	231.691	1.305742	0.6624505	1.175364
348	-1010.774	-1242.07	231.296	1.186282	0.725893	1.519377
354	-1014.145	-1245.66	231.5151	0.8913859	0.7338603	1.568049
360	-1005.096	-1235.736	230.6404	1.04729	0.9870955	1.874394
366	-1001.158	-1231.68	230.5224	1.017081	1.010059	1.959096
372	-1009.385	-1240.359	230.9739	0.9750874	1.199493	1.548877
378	-1012.603	-1243.481	230.8774	0.8813751	0.7396944	2.013184
384	-1010.324	-1241.456	231.1317	0.879601	0.6719528	1.902461
390	-1014.545	-1246.179	231.6342	0.9009006	0.5510476	1.658955
396	-1018.963	-1250.433	231.4697	1.313425	0.7344484	1.276447
402	-1015.383	-1247.394	232.0112	1.598313	0.4642294	0.8703089
408	-1018.213	-1249.709	231.4958	1.445415	1.056582	0.7661021
414	-1012.167	-1244.094	231.9269	1.365862	0.6022577	0.9770868
420	-1021.844	-1253.558	231.7139	1.549865	0.662166	0.9190467
426	-1017.915	-1249.941	232.0257	1.397311	0.5409095	0.9375308
432	-1017.333	-1249.023	231.6898	1.453575	0.7110404	0.9780756
438	-1015.064	-1246.702	231.6378	1.519108	0.6836849	1.00053
444	-1006.012	-1237.886	231.8741	1.268399	0.5984024	1.125902
450	-1005.954	-1237.658	231.7047	1.268399	0.672308	1.184297
456	-1007.83	-1239.744	231.9137	1.334223	0.4885896	1.184297
462	-1009.214	-1241.299	232.085	1.841084	0.3917638	0.4603618
468	-1007.195	-1239.038	231.8427	1.903445	0.4925422	0.4740616
474	-1013.33	-1245.038	231.708	1.661609	0.7363708	0.6247211
480	-1007.121	-1238.833	231.712	1.892928	0.5822689	0.4740616
486	-1005.4	-1237.153	231.7533	1.794621	0.5506042	0.7674205
492	-1015.016	-1246.765	231.7494	1.726085	0.6716725	0.5505735
498	-1006.233	-1238.399	232.1659	1.60083	0.4429969	0.7054842
504	-1007.654	-1239.655	232.001	1.686063	0.5193908	0.5963423
510	-1005.948	-1237.62	231.6719	1.71535	0.7161692	0.6436137
516	-1003.389	-1235.501	232.1125	1.720021	0.4243282	0.6442043
522	-1001.306	-1233.346	232.0404	1.759264	0.4243282	0.7074347
528	-995.1012	-1227.015	231.9139	1.693767	0.5585442	0.6429203
534	-1008.877	-1240.909	232.0318	1.624726	0.5156542	0.6810024
540	-998.5945	-1230.48	231.8859	1.63967	0.586711	0.7180456
546	-997.3725	-1229.212	231.8393	1.685263	0.634479	0.5594462
552	-1004.888	-1236.844	231.9566	1.682787	0.5245323	0.6863353
558	-1004.945	-1236.904	231.9588	1.527229	0.5843815	0.7825554
564	-996.8897	-1228.926	232.0364	1.500653	0.523367	0.8386098
570	-1006.941	-1238.791	231.8506	1.511891	0.7066603	0.713941
576	-1009.484	-1241.379	231.8947	1.247398	0.7110238	0.9794125
582	-1008.125	-1239.86	231.7348	1.148112	0.7134608	1.215415
588	-1005.194	-1236.94	231.7455	1.266685	0.464239	1.410308
594	-1025.893	-1257.418	231.525	1.400503	0.8081468	1.07446
600	-1016.891	-1248.888	231.9971	1.439434	0.4835254	1.019158
606	-1029.257	-1261.282	232.0249	1.185923	0.6302953	1.019158
612	-1016.785	-1248.319	231.5346	1.185923	0.5642457	1.508605
618	-1021.107	-1252.519	231.4117	1.337827	0.7963748	1.241715
624	-1013.887	-1245.056	231.1683	1.143368	1.101968	1.338342
630	-1007.597	-1238.3	230.7034	0.856965	1.007403	1.946852
636	-1004.268	-1235.553	231.2851	0.9047253	0.8202014	1.649593
642	-1007.248	-1238.841	231.5934	1.148337	0.7038462	1.341532
648	-1007.487	-1239.18	231.6935	1.250725	0.6428957	1.242966
654	-1008.998	-1241.213	232.2149	1.353301	0.4512293	0.9419421
660	-1001.043	-1233.309	232.2659	1.353301	0.3558197	1.073336
666	-994.1568	-1226.33	232.1729	1.611237	0.4469476	0.6596087
672	-1008.082	-1238.812	230.7306	0.7991065	0.5427302	2.340065
678	-1009.795	-1240.447	230.6521	0.8365017	0.5427302	2.366203
684	-1009.517	-1241.644	232.1278	1.51178	0.472036	0.8167708
690	-1012.387	-1243.767	231.3802	1.121487	0.5514804	1.68226
696	-1016.278	-1248.031	231.7529	1.30603	0.5165618	1.303774
702	-1016.397	-1248.596	232.1992	1.30603	0.4123274	1.075125
708	-1025.281	-1257.305	232.0243	1.369792	0.474134	1.075125
714	-1021.794	-1253.671	231.8767	1.265075	0.6487219	1.060994
720	-1016.921	-1248.435	231.5146	1.455574	0.7116401	1.141613
