Iteration	Posterior	Likelihood	Prior	rate_log_sd	rate_neo	tree_length
0	-996.479	-1228.629	232.1504	1.554631	0.4028582	0.8894982
6	-996.185	-1228.194	232.0092	1.716264	0.5057385	0.489247
12	-998.619	-1230.46	231.8408	1.666798	0.6351391	0.614197
18	-1009.147	-1241.111	231.9631	1.601849	0.5456887	0.753607
24	-1008.359	-1240.282	231.923	1.414179	0.5848512	0.957511
30	-1003.381	-1235.232	231.8511	1.478205	0.5846082	0.9660847
36	-1005.403	-1237.01	231.6069	1.386697	0.600832	1.251497
42	-1018.964	-1250.124	231.1594	1.254324	0.7576295	1.540872
48	-1016.509	-1248.503	231.9933	1.402917	0.447676	1.115761
54	-1001.907	-1232.617	230.7103	0.9050872	0.7015195	2.139672
60	-1007.113	-1238.756	231.6423	1.643265	0.7137283	0.8125677
66	-1013.254	-1245.022	231.7678	1.55586	0.7521463	0.6810894
72	-1007.759	-1239.757	231.9974	1.55586	0.5759592	0.6982223
78	-1007.333	-1239.214	231.8807	1.573863	0.5856819	0.8218585
84	-1016.696	-1248.33	231.634	1.482321	0.7732489	0.9248474
90	-1022.449	-1254.744	232.2952	1.672148	0.3341534	0.7286789
96	-1016.8	-1248.53	231.7306	1.304484	0.7563133	1.029238
102	-1006.746	-1238.727	231.9809	1.381414	0.4824898	1.091354
108	-1011.938	-1243.192	231.2536	0.960799	0.6640377	1.770163
114	-1022.637	-1254.236	231.5988	1.092146	0.738131	1.347218
120	-1019.17	-1250.462	231.2913	1.221718	0.5509117	1.674827
126	-1008.449	-1240.12	231.6711	1.35244	0.5850039	1.245899
132	-1012.916	-1244.929	232.0132	1.307311	0.4774206	1.137089
138	-1012.017	-1244.058	232.0416	1.457436	0.4725642	0.9752725
144	-1002.046	-1233.73	231.6845	1.754816	0.6909758	0.5926114
150	-1002.014	-1233.847	231.8329	1.754816	0.5937326	0.4715315
156	-1012.046	-1243.473	231.4272	1.754816	0.8980191	0.6232081
162	-1013.512	-1245.405	231.8934	1.882566	0.4719942	0.5591743
168	-1011.834	-1244.049	232.2154	1.82125	0.3350884	0.5717327
174	-1004.613	-1236.417	231.8044	1.82125	0.5665213	0.4551604
180	-1012.773	-1244.489	231.716	2.027425	0.4914792	0.5564183
186	-1006.01	-1237.961	231.9515	1.685813	0.4914792	0.7753613
192	-1011.325	-1242.482	231.1569	1.483178	1.316722	0.8596526
198	-1009.153	-1241.104	231.9507	1.49769	0.5942571	0.8134695
204	-1002.407	-1234.685	232.2782	1.524676	0.4061151	0.7564225
210	-1002.177	-1234.057	231.8793	1.382263	0.5636472	1.063973
216	-995.2674	-1226.703	231.4358	1.340137	0.6773466	1.342033
222	-1006.416	-1238.303	231.8867	1.363067	0.4623018	1.221237
228	-1003.077	-1235.017	231.9403	1.363067	0.4623018	1.175256
234	-1012.298	-1244.512	232.2146	1.560525	0.4218956	0.7535184
240	-1002.335	-1234.045	231.7103	1.146213	0.851974	1.091776
246	-995.433	-1227.233	231.8	1.43363	0.5159748	1.157393
252	-1002.031	-1234.219	232.1873	1.487239	0.2893206	1.157393
258	-1002.142	-1234.249	232.1075	1.535494	0.427471	0.9072369
264	-995.2044	-1227.139	231.9348	1.507348	0.5471146	0.9059693
270	-1001.381	-1233.17	231.7891	1.228247	0.6076367	1.223287
276	-1005.507	-1237.289	231.7814	1.355956	0.6995385	0.9992817
282	-1011.302	-1243.043	231.7403	1.379694	0.7129464	0.9992817
288	-1014.837	-1246.682	231.8447	1.377724	0.6926164	0.9198483
294	-1002.292	-1233.626	231.3345	1.119186	0.7142882	1.55158
300	-996.6169	-1227.979	231.3625	1.017405	0.5208591	1.801517
306	-1010.12	-1241.207	231.0863	0.9319409	0.7393934	1.838121
312	-999.0186	-1230.45	231.4316	1.041292	0.5643923	1.688714
318	-1000.333	-1231.855	231.5216	1.081572	0.4539347	1.724364
324	-1005.482	-1236.853	231.3713	1.254551	0.7903566	1.3483
330	-1004.831	-1236.775	231.944	1.253476	0.6363775	1.023912
336	-1009.636	-1241.307	231.671	1.313727	0.8027646	1.023912
342	-1017.388	-1249.301	231.9127	1.37156	0.493899	1.144681
348	-1024.817	-1256.401	231.5842	1.506243	0.9318745	0.7299786
354	-1017.564	-1249.265	231.7013	1.334886	0.7880165	0.9901755
360	-1014.764	-1246.948	232.1844	1.410271	0.4628861	0.8901846
366	-1006.012	-1238.082	232.07	1.410271	0.4628861	1.011047
372	-1005.844	-1237.46	231.6153	1.358992	0.6379868	1.223341
378	-1015.136	-1246.834	231.6984	1.296554	0.6232935	1.223341
384	-1009.324	-1240.696	231.3715	1.342248	0.7414731	1.325629
390	-1020.805	-1252.424	231.6188	1.293372	0.6299704	1.284365
396	-1011.404	-1243.129	231.7254	1.343878	0.5662254	1.231126
402	-1007.366	-1239.23	231.8645	1.479835	0.5662254	0.9790358
408	-1010.496	-1242.573	232.0771	1.525469	0.5158209	0.767945
414	-1018.361	-1250.199	231.8385	1.58911	0.5584466	0.9027748
420	-1017.877	-1250.005	232.1281	1.480145	0.4498666	0.9007415
426	-1015.169	-1247.208	232.0392	1.377518	0.6013544	0.8405468
432	-1008.297	-1240.314	232.0175	1.470817	0.4740152	0.9836275
438	-1002.869	-1234.445	231.5758	1.436346	0.5570906	1.289961
444	-1020.9	-1252.99	232.0891	1.537036	0.4413094	0.8978535
450	-1019.456	-1251.097	231.6413	1.537036	0.7841292	0.8379334
456	-1016.094	-1247.952	231.8589	1.625266	0.5960087	0.7609546
462	-1013.812	-1245.898	232.0855	1.542403	0.4214694	0.9359231
468	-1008.721	-1241.006	232.285	1.48857	0.4227381	0.7534222
474	-1009.594	-1241.394	231.8002	1.472478	0.6406612	0.9411951
480	-1003.843	-1235.926	232.0839	1.465388	0.470878	0.9252646
486	-1014.286	-1246.262	231.9757	1.816761	0.4577138	0.5911593
492	-1004.935	-1236.623	231.6872	1.687115	0.7346214	0.618494
498	-1003.747	-1235.686	231.9393	1.761678	0.5208078	0.5114614
504	-1000.633	-1232.468	231.8344	1.849997	0.5312046	0.5114614
510	-1003.091	-1234.471	231.3792	2.051165	0.6787206	0.3708391
516	-1010.243	-1241.952	231.7094	2.068428	0.4343159	0.3341288
522	-1012.521	-1244.018	231.4973	2.09394	0.5292065	0.311177
528	-1008.002	-1239.237	231.2352	2.341227	0.4652004	0.2382619
534	-1018.373	-1249.439	231.0662	2.348058	0.5972341	0.2621063
540	-1009.161	-1240.418	231.2567	2.348058	0.4358501	0.2278591
546	-1008.317	-1239.716	231.3985	2.348058	0.3655064	0.2304756
552	-1009.044	-1240.958	231.9141	1.686214	0.5760827	0.5924541
558	-1012.35	-1244.282	231.9317	1.560199	0.5793246	0.7849256
564	-1014.503	-1245.49	230.987	2.364049	0.5719019	0.2161882
570	-1003.841	-1235.044	231.203	2.364049	0.4803585	0.2460926
576	-1008.966	-1240.248	231.2819	2.231938	0.542545	0.2718939
582	-1019.656	-1251.578	231.9217	1.690652	0.5716652	0.5736563
588	-1020.529	-1252.423	231.8934	1.722056	0.5441127	0.6731116
594	-1018.13	-1249.81	231.6799	1.722056	0.7190814	0.5958456
600	-1016.062	-1247.987	231.9245	1.9717	0.4065256	0.4530056
606	-1008.85	-1240.87	232.0203	1.9717	0.3485087	0.3957434
612	-1014.269	-1245.925	231.6565	2.032711	0.5118688	0.393602
618	-1008.18	-1239.687	231.5075	2.108911	0.5486411	0.3701761
624	-1014.261	-1245.521	231.26	1.762714	1.071316	0.4329834
630	-1016.608	-1248.08	231.4722	1.880158	0.7706052	0.5307156
636	-1012.132	-1243.828	231.6957	1.909511	0.573724	0.4213136
642	-1010.081	-1241.996	231.9153	1.98327	0.4072702	0.5214308
648	-1009.988	-1241.687	231.6981	1.692031	0.6901597	0.7035712
654	-1012.684	-1244.578	231.8933	1.659159	0.5744382	0.7035712
660	-1009.016	-1240.841	231.8243	1.521913	0.6761683	0.7973381
666	-1014.737	-1246.795	232.0579	1.555152	0.5442396	0.6774262
672	-1018.239	-1250.136	231.897	1.470913	0.5785336	0.9349378
678	-1015.9	-1247.653	231.7529	1.247129	0.7843855	1.030249
684	-1011.669	-1243.239	231.5698	1.797571	0.7597003	0.4920713
690	-1011.626	-1243.259	231.6331	1.797571	0.7087377	0.4789152
696	-1012.2	-1244.109	231.9092	1.797571	0.5168413	0.4789152
702	-1007.031	-1238.671	231.6403	1.538679	0.9102509	0.5949072
708	-1008.688	-1240.587	231.8992	1.298728	0.7574033	0.8536808
714	-1003.321	-1234.728	231.4066	1.126781	0.6940517	1.511891
